Using pre-set license
Built from '2020.3/release' branch; Version is '2020.3.12f1 (b3b2c6512326) revision 11776710'; Using compiler version '192528614'; Build Type 'Release'
OS: 'Windows 10 Pro; OS build 19042.1052; Version 2009; 64bit' Language: 'tr' Physical Memory: 16297 MB
BatchMode: 1, IsHumanControllingUs: 0, StartBugReporterOnCrash: 0, Is64bit: 1, IsPro: 0

 COMMAND LINE ARGUMENTS:
D:\UnityHub\2020.3.12f1\Editor\Unity.exe
-adb2
-batchMode
-noUpm
-name
AssetImportWorker0
-projectPath
D:/Development/UnityC#/RTSMultiplayer
-logFile
Logs/AssetImportWorker0.log
-srvPort
54303
Successfully changed project path to: D:/Development/UnityC#/RTSMultiplayer
D:/Development/UnityC#/RTSMultiplayer
Using Asset Import Pipeline V2.
Refreshing native plugins compatible for Editor in 101.07 ms, found 2 plugins.
Preloading 0 native plugins for Editor in 0.00 ms.
Initialize engine version: 2020.3.12f1 (b3b2c6512326)
[Subsystems] Discovering subsystems at path D:/UnityHub/2020.3.12f1/Editor/Data/Resources/UnitySubsystems
[Subsystems] Discovering subsystems at path D:/Development/UnityC#/RTSMultiplayer/Assets
GfxDevice: creating device client; threaded=0
Direct3D:
    Version:  Direct3D 11.0 [level 11.1]
    Renderer: NVIDIA GeForce GTX 1080 Ti (ID=0x1b06)
    Vendor:   
    VRAM:     11127 MB
    Driver:   27.21.14.5671
Initialize mono
Mono path[0] = 'D:/UnityHub/2020.3.12f1/Editor/Data/Managed'
Mono path[1] = 'D:/UnityHub/2020.3.12f1/Editor/Data/MonoBleedingEdge/lib/mono/unityjit'
Mono config path = 'D:/UnityHub/2020.3.12f1/Editor/Data/MonoBleedingEdge/etc'
Using monoOptions --debugger-agent=transport=dt_socket,embedding=1,server=y,suspend=n,address=127.0.0.1:56180
Begin MonoManager ReloadAssembly
Registering precompiled unity dll's ...
Register platform support module: D:/UnityHub/2020.3.12f1/Editor/Data/PlaybackEngines/WindowsStandaloneSupport/UnityEditor.WindowsStandalone.Extensions.dll
Registered in 0.001389 seconds.
Native extension for WindowsStandalone target not found
Refreshing native plugins compatible for Editor in 93.29 ms, found 2 plugins.
Preloading 0 native plugins for Editor in 0.00 ms.
Mono: successfully reloaded assembly
- Completed reload, in  2.685 seconds
Platform modules already initialized, skipping
Registering precompiled user dll's ...
Registered in 0.009144 seconds.
Begin MonoManager ReloadAssembly
Native extension for WindowsStandalone target not found
Refreshing native plugins compatible for Editor in 95.54 ms, found 2 plugins.
Preloading 0 native plugins for Editor in 0.00 ms.
Find all reader and writers took 131 milliseconds
Script Module: UnityEngine.UI.dll
Weave behaviours and messages took 80 milliseconds
Find all reader and writers took 168 milliseconds
Script Module: Unity.RenderPipelines.Core.Runtime.dll
Weave behaviours and messages took 59 milliseconds
Find all reader and writers took 145 milliseconds
Script Module: UnityEngine.TestRunner.dll
Weave behaviours and messages took 36 milliseconds
Find all reader and writers took 116 milliseconds
Script Module: Unity.Mathematics.dll
Weave behaviours and messages took 208 milliseconds
Find all reader and writers took 136 milliseconds
Script Module: Unity.InputSystem.dll
Weave behaviours and messages took 211 milliseconds
Find all reader and writers took 102 milliseconds
Script Module: SimpleWebTransport.dll
Weave behaviours and messages took 5 milliseconds
Find all reader and writers took 134 milliseconds
Script Module: Unity.RenderPipelines.Universal.Runtime.dll
Weave behaviours and messages took 75 milliseconds
Find all reader and writers took 109 milliseconds
Script Module: UnityEngine.XR.LegacyInputHelpers.dll
Weave behaviours and messages took 2 milliseconds
Find all reader and writers took 136 milliseconds
Script Module: UnityEngine.Monetization.dll
Weave behaviours and messages took 8 milliseconds
Find all reader and writers took 138 milliseconds
Script Module: Unity.TextMeshPro.dll
Weave behaviours and messages took 76 milliseconds
Find all reader and writers took 113 milliseconds
Script Module: UnityEngine.Advertisements.dll
Weave behaviours and messages took 15 milliseconds
Find all reader and writers took 105 milliseconds
Script Module: Unity.ProBuilder.Poly2Tri.dll
Weave behaviours and messages took 9 milliseconds
Find all reader and writers took 112 milliseconds
Script Module: Cinemachine.dll
Weave behaviours and messages took 57 milliseconds
Find all reader and writers took 130 milliseconds
Script Module: Unity.Timeline.dll
Weave behaviours and messages took 33 milliseconds
Find all reader and writers took 113 milliseconds
Script Module: Unity.Postprocessing.Runtime.dll
Weave behaviours and messages took 24 milliseconds
Find all reader and writers took 100 milliseconds
Script Module: Unity.ProBuilder.dll
Weave behaviours and messages took 80 milliseconds
Find all reader and writers took 90 milliseconds
Script Module: Telepathy.dll
Weave behaviours and messages took 2 milliseconds
Find all reader and writers took 107 milliseconds
Script Module: Unity.2D.SpriteShape.Runtime.dll
Weave behaviours and messages took 29 milliseconds
Find all reader and writers took 114 milliseconds
Script Module: Unity.ProGrids.dll
Weave behaviours and messages took 0 milliseconds
Find all reader and writers took 100 milliseconds
Script Module: Unity.ProBuilder.Csg.dll
Weave behaviours and messages took 2 milliseconds
Find all reader and writers took 121 milliseconds
Script Module: kcp2k.dll
Weave behaviours and messages took 4 milliseconds
Find all reader and writers took 99 milliseconds
Script Module: where-allocations.dll
Weave behaviours and messages took 0 milliseconds
Find all reader and writers took 135 milliseconds
Script Module: Unity.ProBuilder.KdTree.dll
Weave behaviours and messages took 8 milliseconds
Find all reader and writers took 133 milliseconds
Script Module: Unity.2D.Common.Runtime.dll
Weave behaviours and messages took 0 milliseconds
Find all reader and writers took 109 milliseconds
Script Module: Unity.RenderPipelines.Core.ShaderLibrary.dll
Weave behaviours and messages took 0 milliseconds
Find all reader and writers took 155 milliseconds
Script Module: Unity.InternalAPIEngineBridge.001.dll
Weave behaviours and messages took 0 milliseconds
Find all reader and writers took 108 milliseconds
Script Module: Unity.Analytics.DataPrivacy.dll
Weave behaviours and messages took 0 milliseconds
Find all reader and writers took 108 milliseconds
Script Module: UnityEngine.SpatialTracking.dll
Weave behaviours and messages took 4 milliseconds
Find all reader and writers took 98 milliseconds
Script Module: Unity.RenderPipeline.Universal.ShaderLibrary.dll
Weave behaviours and messages took 0 milliseconds
Find all reader and writers took 104 milliseconds
Script Module: Unity.ProBuilder.Stl.dll
Weave behaviours and messages took 1 milliseconds
Find all reader and writers took 114 milliseconds
Script Module: Unity.RenderPipelines.Universal.Shaders.dll
Weave behaviours and messages took 0 milliseconds
Find all reader and writers took 124 milliseconds
Script Module: Unity.RenderPipelines.ShaderGraph.ShaderGraphLibrary.dll
Weave behaviours and messages took 0 milliseconds
Find all reader and writers took 134 milliseconds
Script Module: com.unity.cinemachine.editor.dll
Weave behaviours and messages took 53 milliseconds
Find all reader and writers took 139 milliseconds
Script Module: UnityEditor.TestRunner.dll
Weave behaviours and messages took 36 milliseconds
Find all reader and writers took 117 milliseconds
Script Module: Unity.ProBuilder.AssetIdRemapUtility.dll
Weave behaviours and messages took 3 milliseconds
Find all reader and writers took 98 milliseconds
Script Module: Mirror.CompilerSymbols.dll
Weave behaviours and messages took 0 milliseconds
Find all reader and writers took 115 milliseconds
Script Module: UnityEditor.UI.dll
Weave behaviours and messages took 12 milliseconds
Find all reader and writers took 117 milliseconds
Script Module: UnityEditor.SpatialTracking.dll
Weave behaviours and messages took 0 milliseconds
Find all reader and writers took 117 milliseconds
Script Module: UnityEditor.XR.LegacyInputHelpers.dll
Weave behaviours and messages took 3 milliseconds
Find all reader and writers took 118 milliseconds
Script Module: Unity.InternalAPIEditorBridge.001.dll
Weave behaviours and messages took 1 milliseconds
Find all reader and writers took 94 milliseconds
Script Module: Unity.ShaderGraph.Utilities.dll
Weave behaviours and messages took 0 milliseconds
Mono: successfully reloaded assembly
- Completed reload, in 16.533 seconds
Platform modules already initialized, skipping
========================================================================
Worker process is ready to serve import requests
Shader 'Universal Render Pipeline/Particles/Lit': fallback shader 'Universal Render Pipeline/Particles/SimpleLit' not found
Shader 'Universal Render Pipeline/Particles/Lit': fallback shader 'Universal Render Pipeline/Particles/SimpleLit' not found
Launched and connected shader compiler UnityShaderCompiler.exe after 0.05 seconds
Refreshing native plugins compatible for Editor in 1.18 ms, found 2 plugins.
Preloading 0 native plugins for Editor in 0.00 ms.
Unloading 4291 Unused Serialized files (Serialized files now loaded: 0)
System memory in use before: 186.7 MB.
System memory in use after: 184.0 MB.

Unloading 86 unused Assets to reduce memory usage. Loaded Objects now: 4682.
Total: 9.452300 ms (FindLiveObjects: 0.896600 ms CreateObjectMapping: 0.458700 ms MarkObjects: 5.718400 ms  DeleteObjects: 2.375900 ms)

AssetImportParameters requested are different than current active one (requested -> active):
  custom:framework-win-MediaFoundation: 216162199b28c13a410421893ffa2e32 -> 
  custom:video-decoder-ogg-theora: a1e56fd34408186e4bbccfd4996cb3dc -> 
  custom:container-muxer-webm: aa71ff27fc2769a1b78a27578f13a17b -> 
  custom:container-demuxer-webm: 4f35f7cbe854078d1ac9338744f61a02 -> 
  custom:container-demuxer-ogg: 62fdf1f143b41e24485cea50d1cbac27 -> 
  custom:video-encoder-webm-vp8: eb34c28f22e8b96e1ab97ce403110664 -> 
  custom:video-decoder-webm-vp8: 9c59270c3fd7afecdb556c50c9e8de78 -> 
  custom:audio-decoder-ogg-vorbis: bf7c407c2cedff20999df2af8eb42d56 -> 
  custom:audio-encoder-webm-vorbis: bf7c407c2cedff20999df2af8eb42d56 -> 
========================================================================
Received Import Request.
  path: Assets/Prefabs/UnitSpawner.prefab
  artifactKey: Guid(b681b291da2b6434a8bc62b472ecda3a) Importer(815301076,1909f56bfc062723c751e8b465ee728b)
Start importing Assets/Prefabs/UnitSpawner.prefab using Guid(b681b291da2b6434a8bc62b472ecda3a) Importer(815301076,1909f56bfc062723c751e8b465ee728b)  -> (artifact id: '8a0494c1f5598bdc022c4624aa7ea076') in 0.386447 seconds 
  Import took 0.394451 seconds .

========================================================================
Received Prepare
Shader 'Universal Render Pipeline/Particles/Lit': fallback shader 'Universal Render Pipeline/Particles/SimpleLit' not found
Shader 'Universal Render Pipeline/Particles/Lit': fallback shader 'Universal Render Pipeline/Particles/SimpleLit' not found
Refreshing native plugins compatible for Editor in 12.13 ms, found 2 plugins.
Preloading 0 native plugins for Editor in 0.00 ms.
Unloading 73 Unused Serialized files (Serialized files now loaded: 0)
System memory in use before: 101.5 MB.
System memory in use after: 98.9 MB.

Unloading 74 unused Assets to reduce memory usage. Loaded Objects now: 4756.
Total: 8.116900 ms (FindLiveObjects: 0.528400 ms CreateObjectMapping: 0.151400 ms MarkObjects: 5.525400 ms  DeleteObjects: 1.910400 ms)

AssetImportParameters requested are different than current active one (requested -> active):
  custom:framework-win-MediaFoundation: 216162199b28c13a410421893ffa2e32 -> 
  custom:video-decoder-ogg-theora: a1e56fd34408186e4bbccfd4996cb3dc -> 
  custom:container-muxer-webm: aa71ff27fc2769a1b78a27578f13a17b -> 
  custom:container-demuxer-webm: 4f35f7cbe854078d1ac9338744f61a02 -> 
  custom:container-demuxer-ogg: 62fdf1f143b41e24485cea50d1cbac27 -> 
  custom:video-encoder-webm-vp8: eb34c28f22e8b96e1ab97ce403110664 -> 
  custom:video-decoder-webm-vp8: 9c59270c3fd7afecdb556c50c9e8de78 -> 
  custom:audio-decoder-ogg-vorbis: bf7c407c2cedff20999df2af8eb42d56 -> 
  custom:audio-encoder-webm-vorbis: bf7c407c2cedff20999df2af8eb42d56 -> 
========================================================================
Received Prepare
Registering precompiled user dll's ...
Registered in 0.010599 seconds.
Begin MonoManager ReloadAssembly
Native extension for WindowsStandalone target not found
Refreshing native plugins compatible for Editor in 1.33 ms, found 2 plugins.
Preloading 0 native plugins for Editor in 0.00 ms.
Mono: successfully reloaded assembly
- Completed reload, in  1.954 seconds
Platform modules already initialized, skipping
Shader 'Universal Render Pipeline/Particles/Lit': fallback shader 'Universal Render Pipeline/Particles/SimpleLit' not found
Shader 'Universal Render Pipeline/Particles/Lit': fallback shader 'Universal Render Pipeline/Particles/SimpleLit' not found
Refreshing native plugins compatible for Editor in 1.33 ms, found 2 plugins.
Preloading 0 native plugins for Editor in 0.00 ms.
Unloading 4148 Unused Serialized files (Serialized files now loaded: 0)
System memory in use before: 182.0 MB.
System memory in use after: 179.3 MB.

Unloading 76 unused Assets to reduce memory usage. Loaded Objects now: 4732.
Total: 7.712000 ms (FindLiveObjects: 0.411400 ms CreateObjectMapping: 0.131900 ms MarkObjects: 4.898300 ms  DeleteObjects: 2.268700 ms)

AssetImportParameters requested are different than current active one (requested -> active):
  custom:framework-win-MediaFoundation: 216162199b28c13a410421893ffa2e32 -> 
  custom:video-decoder-ogg-theora: a1e56fd34408186e4bbccfd4996cb3dc -> 
  custom:container-muxer-webm: aa71ff27fc2769a1b78a27578f13a17b -> 
  custom:container-demuxer-webm: 4f35f7cbe854078d1ac9338744f61a02 -> 
  custom:container-demuxer-ogg: 62fdf1f143b41e24485cea50d1cbac27 -> 
  custom:video-encoder-webm-vp8: eb34c28f22e8b96e1ab97ce403110664 -> 
  custom:video-decoder-webm-vp8: 9c59270c3fd7afecdb556c50c9e8de78 -> 
  custom:audio-decoder-ogg-vorbis: bf7c407c2cedff20999df2af8eb42d56 -> 
  custom:audio-encoder-webm-vorbis: bf7c407c2cedff20999df2af8eb42d56 -> 
========================================================================
Received Prepare
Shader 'Universal Render Pipeline/Particles/Lit': fallback shader 'Universal Render Pipeline/Particles/SimpleLit' not found
Shader 'Universal Render Pipeline/Particles/Lit': fallback shader 'Universal Render Pipeline/Particles/SimpleLit' not found
Refreshing native plugins compatible for Editor in 16.44 ms, found 2 plugins.
Preloading 0 native plugins for Editor in 0.00 ms.
Unloading 73 Unused Serialized files (Serialized files now loaded: 0)
System memory in use before: 101.3 MB.
System memory in use after: 98.6 MB.

Unloading 73 unused Assets to reduce memory usage. Loaded Objects now: 4732.
Total: 8.965000 ms (FindLiveObjects: 0.650800 ms CreateObjectMapping: 0.205400 ms MarkObjects: 5.373700 ms  DeleteObjects: 2.732900 ms)

AssetImportParameters requested are different than current active one (requested -> active):
  custom:framework-win-MediaFoundation: 216162199b28c13a410421893ffa2e32 -> 
  custom:video-decoder-ogg-theora: a1e56fd34408186e4bbccfd4996cb3dc -> 
  custom:container-muxer-webm: aa71ff27fc2769a1b78a27578f13a17b -> 
  custom:container-demuxer-webm: 4f35f7cbe854078d1ac9338744f61a02 -> 
  custom:container-demuxer-ogg: 62fdf1f143b41e24485cea50d1cbac27 -> 
  custom:video-encoder-webm-vp8: eb34c28f22e8b96e1ab97ce403110664 -> 
  custom:video-decoder-webm-vp8: 9c59270c3fd7afecdb556c50c9e8de78 -> 
  custom:audio-decoder-ogg-vorbis: bf7c407c2cedff20999df2af8eb42d56 -> 
  custom:audio-encoder-webm-vorbis: bf7c407c2cedff20999df2af8eb42d56 -> 
========================================================================
Received Prepare
Registering precompiled user dll's ...
Registered in 0.010138 seconds.
Begin MonoManager ReloadAssembly
Native extension for WindowsStandalone target not found
Refreshing native plugins compatible for Editor in 1.28 ms, found 2 plugins.
Preloading 0 native plugins for Editor in 0.00 ms.
Mono: successfully reloaded assembly
- Completed reload, in  1.741 seconds
Platform modules already initialized, skipping
Shader 'Universal Render Pipeline/Particles/Lit': fallback shader 'Universal Render Pipeline/Particles/SimpleLit' not found
Shader 'Universal Render Pipeline/Particles/Lit': fallback shader 'Universal Render Pipeline/Particles/SimpleLit' not found
Refreshing native plugins compatible for Editor in 1.14 ms, found 2 plugins.
Preloading 0 native plugins for Editor in 0.00 ms.
Unloading 4148 Unused Serialized files (Serialized files now loaded: 0)
System memory in use before: 182.1 MB.
System memory in use after: 179.4 MB.

Unloading 76 unused Assets to reduce memory usage. Loaded Objects now: 4735.
Total: 6.641000 ms (FindLiveObjects: 0.446700 ms CreateObjectMapping: 0.120100 ms MarkObjects: 4.268000 ms  DeleteObjects: 1.803700 ms)

AssetImportParameters requested are different than current active one (requested -> active):
  custom:framework-win-MediaFoundation: 216162199b28c13a410421893ffa2e32 -> 
  custom:video-decoder-ogg-theora: a1e56fd34408186e4bbccfd4996cb3dc -> 
  custom:container-muxer-webm: aa71ff27fc2769a1b78a27578f13a17b -> 
  custom:container-demuxer-webm: 4f35f7cbe854078d1ac9338744f61a02 -> 
  custom:container-demuxer-ogg: 62fdf1f143b41e24485cea50d1cbac27 -> 
  custom:video-encoder-webm-vp8: eb34c28f22e8b96e1ab97ce403110664 -> 
  custom:video-decoder-webm-vp8: 9c59270c3fd7afecdb556c50c9e8de78 -> 
  custom:audio-decoder-ogg-vorbis: bf7c407c2cedff20999df2af8eb42d56 -> 
  custom:audio-encoder-webm-vorbis: bf7c407c2cedff20999df2af8eb42d56 -> 
========================================================================
Received Prepare
Registering precompiled user dll's ...
Registered in 0.010527 seconds.
Begin MonoManager ReloadAssembly
Native extension for WindowsStandalone target not found
Refreshing native plugins compatible for Editor in 1.91 ms, found 2 plugins.
Preloading 0 native plugins for Editor in 0.00 ms.
Mono: successfully reloaded assembly
- Completed reload, in  1.858 seconds
Platform modules already initialized, skipping
Shader 'Universal Render Pipeline/Particles/Lit': fallback shader 'Universal Render Pipeline/Particles/SimpleLit' not found
Shader 'Universal Render Pipeline/Particles/Lit': fallback shader 'Universal Render Pipeline/Particles/SimpleLit' not found
Refreshing native plugins compatible for Editor in 1.25 ms, found 2 plugins.
Preloading 0 native plugins for Editor in 0.00 ms.
Unloading 4148 Unused Serialized files (Serialized files now loaded: 0)
System memory in use before: 182.1 MB.
System memory in use after: 179.4 MB.

Unloading 76 unused Assets to reduce memory usage. Loaded Objects now: 4738.
Total: 6.357700 ms (FindLiveObjects: 0.647900 ms CreateObjectMapping: 0.166800 ms MarkObjects: 3.728500 ms  DeleteObjects: 1.812800 ms)

AssetImportParameters requested are different than current active one (requested -> active):
  custom:framework-win-MediaFoundation: 216162199b28c13a410421893ffa2e32 -> 
  custom:video-decoder-ogg-theora: a1e56fd34408186e4bbccfd4996cb3dc -> 
  custom:container-muxer-webm: aa71ff27fc2769a1b78a27578f13a17b -> 
  custom:container-demuxer-webm: 4f35f7cbe854078d1ac9338744f61a02 -> 
  custom:container-demuxer-ogg: 62fdf1f143b41e24485cea50d1cbac27 -> 
  custom:video-encoder-webm-vp8: eb34c28f22e8b96e1ab97ce403110664 -> 
  custom:video-decoder-webm-vp8: 9c59270c3fd7afecdb556c50c9e8de78 -> 
  custom:audio-decoder-ogg-vorbis: bf7c407c2cedff20999df2af8eb42d56 -> 
  custom:audio-encoder-webm-vorbis: bf7c407c2cedff20999df2af8eb42d56 -> 
========================================================================
Received Import Request.
  Time since last request: 364.438012 seconds.
  path: Assets/Prefabs/Unit.prefab
  artifactKey: Guid(bd8b6d7b5410348409aed5d6c398795d) Importer(815301076,1909f56bfc062723c751e8b465ee728b)
Start importing Assets/Prefabs/Unit.prefab using Guid(bd8b6d7b5410348409aed5d6c398795d) Importer(815301076,1909f56bfc062723c751e8b465ee728b)  -> (artifact id: 'baf781cab0c2d9ba5e1f23d24f358c0c') in 0.252887 seconds 
  Import took 0.267140 seconds .

========================================================================
Received Prepare
Registering precompiled user dll's ...
Registered in 0.009201 seconds.
Begin MonoManager ReloadAssembly
Native extension for WindowsStandalone target not found
Refreshing native plugins compatible for Editor in 1.10 ms, found 2 plugins.
Preloading 0 native plugins for Editor in 0.00 ms.
Mono: successfully reloaded assembly
- Completed reload, in  1.481 seconds
Platform modules already initialized, skipping
Shader 'Universal Render Pipeline/Particles/Lit': fallback shader 'Universal Render Pipeline/Particles/SimpleLit' not found
Shader 'Universal Render Pipeline/Particles/Lit': fallback shader 'Universal Render Pipeline/Particles/SimpleLit' not found
Refreshing native plugins compatible for Editor in 1.09 ms, found 2 plugins.
Preloading 0 native plugins for Editor in 0.00 ms.
Unloading 4148 Unused Serialized files (Serialized files now loaded: 0)
System memory in use before: 182.3 MB.
System memory in use after: 179.6 MB.

Unloading 76 unused Assets to reduce memory usage. Loaded Objects now: 4777.
Total: 5.358000 ms (FindLiveObjects: 0.431400 ms CreateObjectMapping: 0.120900 ms MarkObjects: 3.065100 ms  DeleteObjects: 1.738500 ms)

AssetImportParameters requested are different than current active one (requested -> active):
  custom:framework-win-MediaFoundation: 216162199b28c13a410421893ffa2e32 -> 
  custom:video-decoder-ogg-theora: a1e56fd34408186e4bbccfd4996cb3dc -> 
  custom:container-muxer-webm: aa71ff27fc2769a1b78a27578f13a17b -> 
  custom:container-demuxer-webm: 4f35f7cbe854078d1ac9338744f61a02 -> 
  custom:container-demuxer-ogg: 62fdf1f143b41e24485cea50d1cbac27 -> 
  custom:video-encoder-webm-vp8: eb34c28f22e8b96e1ab97ce403110664 -> 
  custom:video-decoder-webm-vp8: 9c59270c3fd7afecdb556c50c9e8de78 -> 
  custom:audio-decoder-ogg-vorbis: bf7c407c2cedff20999df2af8eb42d56 -> 
  custom:audio-encoder-webm-vorbis: bf7c407c2cedff20999df2af8eb42d56 -> 
========================================================================
Received Prepare
Registering precompiled user dll's ...
Registered in 0.013492 seconds.
Begin MonoManager ReloadAssembly
Native extension for WindowsStandalone target not found
Refreshing native plugins compatible for Editor in 1.47 ms, found 2 plugins.
Preloading 0 native plugins for Editor in 0.00 ms.
Mono: successfully reloaded assembly
- Completed reload, in  1.677 seconds
Platform modules already initialized, skipping
Shader 'Universal Render Pipeline/Particles/Lit': fallback shader 'Universal Render Pipeline/Particles/SimpleLit' not found
Shader 'Universal Render Pipeline/Particles/Lit': fallback shader 'Universal Render Pipeline/Particles/SimpleLit' not found
Refreshing native plugins compatible for Editor in 1.15 ms, found 2 plugins.
Preloading 0 native plugins for Editor in 0.00 ms.
Unloading 4148 Unused Serialized files (Serialized files now loaded: 0)
System memory in use before: 182.4 MB.
System memory in use after: 179.6 MB.

Unloading 76 unused Assets to reduce memory usage. Loaded Objects now: 4780.
Total: 6.265600 ms (FindLiveObjects: 0.477400 ms CreateObjectMapping: 0.121500 ms MarkObjects: 3.783100 ms  DeleteObjects: 1.881400 ms)

AssetImportParameters requested are different than current active one (requested -> active):
  custom:framework-win-MediaFoundation: 216162199b28c13a410421893ffa2e32 -> 
  custom:video-decoder-ogg-theora: a1e56fd34408186e4bbccfd4996cb3dc -> 
  custom:container-muxer-webm: aa71ff27fc2769a1b78a27578f13a17b -> 
  custom:container-demuxer-webm: 4f35f7cbe854078d1ac9338744f61a02 -> 
  custom:container-demuxer-ogg: 62fdf1f143b41e24485cea50d1cbac27 -> 
  custom:video-encoder-webm-vp8: eb34c28f22e8b96e1ab97ce403110664 -> 
  custom:video-decoder-webm-vp8: 9c59270c3fd7afecdb556c50c9e8de78 -> 
  custom:audio-decoder-ogg-vorbis: bf7c407c2cedff20999df2af8eb42d56 -> 
  custom:audio-encoder-webm-vorbis: bf7c407c2cedff20999df2af8eb42d56 -> 
========================================================================
Received Prepare
Registering precompiled user dll's ...
Registered in 0.009686 seconds.
Begin MonoManager ReloadAssembly
Native extension for WindowsStandalone target not found
Refreshing native plugins compatible for Editor in 1.03 ms, found 2 plugins.
Preloading 0 native plugins for Editor in 0.00 ms.
Mono: successfully reloaded assembly
- Completed reload, in  1.498 seconds
Platform modules already initialized, skipping
Shader 'Universal Render Pipeline/Particles/Lit': fallback shader 'Universal Render Pipeline/Particles/SimpleLit' not found
Shader 'Universal Render Pipeline/Particles/Lit': fallback shader 'Universal Render Pipeline/Particles/SimpleLit' not found
Refreshing native plugins compatible for Editor in 1.22 ms, found 2 plugins.
Preloading 0 native plugins for Editor in 0.00 ms.
Unloading 4148 Unused Serialized files (Serialized files now loaded: 0)
System memory in use before: 182.3 MB.
System memory in use after: 179.6 MB.

Unloading 76 unused Assets to reduce memory usage. Loaded Objects now: 4783.
Total: 8.262400 ms (FindLiveObjects: 0.584600 ms CreateObjectMapping: 0.170200 ms MarkObjects: 5.238700 ms  DeleteObjects: 2.266900 ms)

AssetImportParameters requested are different than current active one (requested -> active):
  custom:framework-win-MediaFoundation: 216162199b28c13a410421893ffa2e32 -> 
  custom:video-decoder-ogg-theora: a1e56fd34408186e4bbccfd4996cb3dc -> 
  custom:container-muxer-webm: aa71ff27fc2769a1b78a27578f13a17b -> 
  custom:container-demuxer-webm: 4f35f7cbe854078d1ac9338744f61a02 -> 
  custom:container-demuxer-ogg: 62fdf1f143b41e24485cea50d1cbac27 -> 
  custom:video-encoder-webm-vp8: eb34c28f22e8b96e1ab97ce403110664 -> 
  custom:video-decoder-webm-vp8: 9c59270c3fd7afecdb556c50c9e8de78 -> 
  custom:audio-decoder-ogg-vorbis: bf7c407c2cedff20999df2af8eb42d56 -> 
  custom:audio-encoder-webm-vorbis: bf7c407c2cedff20999df2af8eb42d56 -> 
========================================================================
Received Prepare
Registering precompiled user dll's ...
Registered in 0.009731 seconds.
Begin MonoManager ReloadAssembly
Native extension for WindowsStandalone target not found
Refreshing native plugins compatible for Editor in 1.05 ms, found 2 plugins.
Preloading 0 native plugins for Editor in 0.00 ms.
Mono: successfully reloaded assembly
- Completed reload, in  1.527 seconds
Platform modules already initialized, skipping
Shader 'Universal Render Pipeline/Particles/Lit': fallback shader 'Universal Render Pipeline/Particles/SimpleLit' not found
Shader 'Universal Render Pipeline/Particles/Lit': fallback shader 'Universal Render Pipeline/Particles/SimpleLit' not found
Refreshing native plugins compatible for Editor in 1.07 ms, found 2 plugins.
Preloading 0 native plugins for Editor in 0.00 ms.
Unloading 4148 Unused Serialized files (Serialized files now loaded: 0)
System memory in use before: 182.4 MB.
System memory in use after: 179.6 MB.

Unloading 76 unused Assets to reduce memory usage. Loaded Objects now: 4786.
Total: 5.588700 ms (FindLiveObjects: 0.402200 ms CreateObjectMapping: 0.112200 ms MarkObjects: 3.290900 ms  DeleteObjects: 1.781600 ms)

AssetImportParameters requested are different than current active one (requested -> active):
  custom:framework-win-MediaFoundation: 216162199b28c13a410421893ffa2e32 -> 
  custom:video-decoder-ogg-theora: a1e56fd34408186e4bbccfd4996cb3dc -> 
  custom:container-muxer-webm: aa71ff27fc2769a1b78a27578f13a17b -> 
  custom:container-demuxer-webm: 4f35f7cbe854078d1ac9338744f61a02 -> 
  custom:container-demuxer-ogg: 62fdf1f143b41e24485cea50d1cbac27 -> 
  custom:video-encoder-webm-vp8: eb34c28f22e8b96e1ab97ce403110664 -> 
  custom:video-decoder-webm-vp8: 9c59270c3fd7afecdb556c50c9e8de78 -> 
  custom:audio-decoder-ogg-vorbis: bf7c407c2cedff20999df2af8eb42d56 -> 
  custom:audio-encoder-webm-vorbis: bf7c407c2cedff20999df2af8eb42d56 -> 
========================================================================
Received Prepare
Registering precompiled user dll's ...
Registered in 0.009711 seconds.
Begin MonoManager ReloadAssembly
Native extension for WindowsStandalone target not found
Refreshing native plugins compatible for Editor in 1.25 ms, found 2 plugins.
Preloading 0 native plugins for Editor in 0.00 ms.
Mono: successfully reloaded assembly
- Completed reload, in  1.451 seconds
Platform modules already initialized, skipping
Shader 'Universal Render Pipeline/Particles/Lit': fallback shader 'Universal Render Pipeline/Particles/SimpleLit' not found
Shader 'Universal Render Pipeline/Particles/Lit': fallback shader 'Universal Render Pipeline/Particles/SimpleLit' not found
Refreshing native plugins compatible for Editor in 1.06 ms, found 2 plugins.
Preloading 0 native plugins for Editor in 0.00 ms.
Unloading 4148 Unused Serialized files (Serialized files now loaded: 0)
System memory in use before: 182.4 MB.
System memory in use after: 179.7 MB.

Unloading 76 unused Assets to reduce memory usage. Loaded Objects now: 4789.
Total: 8.585200 ms (FindLiveObjects: 0.469400 ms CreateObjectMapping: 0.119500 ms MarkObjects: 6.154400 ms  DeleteObjects: 1.839700 ms)

AssetImportParameters requested are different than current active one (requested -> active):
  custom:framework-win-MediaFoundation: 216162199b28c13a410421893ffa2e32 -> 
  custom:video-decoder-ogg-theora: a1e56fd34408186e4bbccfd4996cb3dc -> 
  custom:container-muxer-webm: aa71ff27fc2769a1b78a27578f13a17b -> 
  custom:container-demuxer-webm: 4f35f7cbe854078d1ac9338744f61a02 -> 
  custom:container-demuxer-ogg: 62fdf1f143b41e24485cea50d1cbac27 -> 
  custom:video-encoder-webm-vp8: eb34c28f22e8b96e1ab97ce403110664 -> 
  custom:video-decoder-webm-vp8: 9c59270c3fd7afecdb556c50c9e8de78 -> 
  custom:audio-decoder-ogg-vorbis: bf7c407c2cedff20999df2af8eb42d56 -> 
  custom:audio-encoder-webm-vorbis: bf7c407c2cedff20999df2af8eb42d56 -> 
========================================================================
Received Import Request.
  Time since last request: 321.328738 seconds.
  path: Assets/Prefabs/Unit.prefab
  artifactKey: Guid(bd8b6d7b5410348409aed5d6c398795d) Importer(815301076,1909f56bfc062723c751e8b465ee728b)
Start importing Assets/Prefabs/Unit.prefab using Guid(bd8b6d7b5410348409aed5d6c398795d) Importer(815301076,1909f56bfc062723c751e8b465ee728b)  -> (artifact id: '2be2acb85d7bdf1a456a382891e92ffe') in 0.250395 seconds 
  Import took 0.285192 seconds .

========================================================================
Received Import Request.
  Time since last request: 3.691304 seconds.
  path: Assets/Prefabs/Unit.prefab
  artifactKey: Guid(bd8b6d7b5410348409aed5d6c398795d) Importer(815301076,1909f56bfc062723c751e8b465ee728b)
Start importing Assets/Prefabs/Unit.prefab using Guid(bd8b6d7b5410348409aed5d6c398795d) Importer(815301076,1909f56bfc062723c751e8b465ee728b)  -> (artifact id: 'f2dbf3077e12d6e0ece658dafe922885') in 0.019228 seconds 
  Import took 0.106001 seconds .

========================================================================
Received Prepare
Registering precompiled user dll's ...
Registered in 0.009367 seconds.
Begin MonoManager ReloadAssembly
Native extension for WindowsStandalone target not found
Refreshing native plugins compatible for Editor in 1.42 ms, found 2 plugins.
Preloading 0 native plugins for Editor in 0.00 ms.
Mono: successfully reloaded assembly
- Completed reload, in  1.460 seconds
Platform modules already initialized, skipping
Shader 'Universal Render Pipeline/Particles/Lit': fallback shader 'Universal Render Pipeline/Particles/SimpleLit' not found
Shader 'Universal Render Pipeline/Particles/Lit': fallback shader 'Universal Render Pipeline/Particles/SimpleLit' not found
Refreshing native plugins compatible for Editor in 1.05 ms, found 2 plugins.
Preloading 0 native plugins for Editor in 0.00 ms.
Unloading 4148 Unused Serialized files (Serialized files now loaded: 0)
System memory in use before: 182.5 MB.
System memory in use after: 179.8 MB.

Unloading 76 unused Assets to reduce memory usage. Loaded Objects now: 4828.
Total: 8.511600 ms (FindLiveObjects: 0.507500 ms CreateObjectMapping: 0.132400 ms MarkObjects: 4.845400 ms  DeleteObjects: 3.023500 ms)

AssetImportParameters requested are different than current active one (requested -> active):
  custom:framework-win-MediaFoundation: 216162199b28c13a410421893ffa2e32 -> 
  custom:video-decoder-ogg-theora: a1e56fd34408186e4bbccfd4996cb3dc -> 
  custom:container-muxer-webm: aa71ff27fc2769a1b78a27578f13a17b -> 
  custom:container-demuxer-webm: 4f35f7cbe854078d1ac9338744f61a02 -> 
  custom:container-demuxer-ogg: 62fdf1f143b41e24485cea50d1cbac27 -> 
  custom:video-encoder-webm-vp8: eb34c28f22e8b96e1ab97ce403110664 -> 
  custom:video-decoder-webm-vp8: 9c59270c3fd7afecdb556c50c9e8de78 -> 
  custom:audio-decoder-ogg-vorbis: bf7c407c2cedff20999df2af8eb42d56 -> 
  custom:audio-encoder-webm-vorbis: bf7c407c2cedff20999df2af8eb42d56 -> 
========================================================================
Received Prepare
Registering precompiled user dll's ...
Registered in 0.015596 seconds.
Begin MonoManager ReloadAssembly
Native extension for WindowsStandalone target not found
Refreshing native plugins compatible for Editor in 1.84 ms, found 2 plugins.
Preloading 0 native plugins for Editor in 0.00 ms.
Mono: successfully reloaded assembly
- Completed reload, in  1.892 seconds
Platform modules already initialized, skipping
Shader 'Universal Render Pipeline/Particles/Lit': fallback shader 'Universal Render Pipeline/Particles/SimpleLit' not found
Shader 'Universal Render Pipeline/Particles/Lit': fallback shader 'Universal Render Pipeline/Particles/SimpleLit' not found
Refreshing native plugins compatible for Editor in 1.10 ms, found 2 plugins.
Preloading 0 native plugins for Editor in 0.00 ms.
Unloading 4148 Unused Serialized files (Serialized files now loaded: 0)
System memory in use before: 182.5 MB.
System memory in use after: 179.8 MB.

Unloading 76 unused Assets to reduce memory usage. Loaded Objects now: 4831.
Total: 10.972000 ms (FindLiveObjects: 0.809500 ms CreateObjectMapping: 0.259900 ms MarkObjects: 6.970700 ms  DeleteObjects: 2.929200 ms)

AssetImportParameters requested are different than current active one (requested -> active):
  custom:framework-win-MediaFoundation: 216162199b28c13a410421893ffa2e32 -> 
  custom:video-decoder-ogg-theora: a1e56fd34408186e4bbccfd4996cb3dc -> 
  custom:container-muxer-webm: aa71ff27fc2769a1b78a27578f13a17b -> 
  custom:container-demuxer-webm: 4f35f7cbe854078d1ac9338744f61a02 -> 
  custom:container-demuxer-ogg: 62fdf1f143b41e24485cea50d1cbac27 -> 
  custom:video-encoder-webm-vp8: eb34c28f22e8b96e1ab97ce403110664 -> 
  custom:video-decoder-webm-vp8: 9c59270c3fd7afecdb556c50c9e8de78 -> 
  custom:audio-decoder-ogg-vorbis: bf7c407c2cedff20999df2af8eb42d56 -> 
  custom:audio-encoder-webm-vorbis: bf7c407c2cedff20999df2af8eb42d56 -> 
========================================================================
Received Prepare
Shader 'Universal Render Pipeline/Particles/Lit': fallback shader 'Universal Render Pipeline/Particles/SimpleLit' not found
Shader 'Universal Render Pipeline/Particles/Lit': fallback shader 'Universal Render Pipeline/Particles/SimpleLit' not found
Refreshing native plugins compatible for Editor in 18.48 ms, found 2 plugins.
Preloading 0 native plugins for Editor in 0.00 ms.
Unloading 73 Unused Serialized files (Serialized files now loaded: 0)
System memory in use before: 101.7 MB.
System memory in use after: 99.0 MB.

Unloading 73 unused Assets to reduce memory usage. Loaded Objects now: 4831.
Total: 12.116000 ms (FindLiveObjects: 2.443600 ms CreateObjectMapping: 0.439800 ms MarkObjects: 6.151200 ms  DeleteObjects: 3.078600 ms)

AssetImportParameters requested are different than current active one (requested -> active):
  custom:framework-win-MediaFoundation: 216162199b28c13a410421893ffa2e32 -> 
  custom:video-decoder-ogg-theora: a1e56fd34408186e4bbccfd4996cb3dc -> 
  custom:container-muxer-webm: aa71ff27fc2769a1b78a27578f13a17b -> 
  custom:container-demuxer-webm: 4f35f7cbe854078d1ac9338744f61a02 -> 
  custom:container-demuxer-ogg: 62fdf1f143b41e24485cea50d1cbac27 -> 
  custom:video-encoder-webm-vp8: eb34c28f22e8b96e1ab97ce403110664 -> 
  custom:video-decoder-webm-vp8: 9c59270c3fd7afecdb556c50c9e8de78 -> 
  custom:audio-decoder-ogg-vorbis: bf7c407c2cedff20999df2af8eb42d56 -> 
  custom:audio-encoder-webm-vorbis: bf7c407c2cedff20999df2af8eb42d56 -> 
========================================================================
Received Import Request.
  Time since last request: 218.300049 seconds.
  path: Assets/Prefabs/Player.prefab
  artifactKey: Guid(d86dd83dbf6a49946bcd93dd7f0e31e6) Importer(815301076,1909f56bfc062723c751e8b465ee728b)
Start importing Assets/Prefabs/Player.prefab using Guid(d86dd83dbf6a49946bcd93dd7f0e31e6) Importer(815301076,1909f56bfc062723c751e8b465ee728b)  -> (artifact id: 'bc3e9bf49a9447fbd7a12f2973709fa8') in 0.408201 seconds 
  Import took 0.435794 seconds .

========================================================================
Received Import Request.
  Time since last request: 0.071098 seconds.
  path: Assets/Prefabs/Player.prefab
  artifactKey: Guid(d86dd83dbf6a49946bcd93dd7f0e31e6) Importer(815301076,1909f56bfc062723c751e8b465ee728b)
Start importing Assets/Prefabs/Player.prefab using Guid(d86dd83dbf6a49946bcd93dd7f0e31e6) Importer(815301076,1909f56bfc062723c751e8b465ee728b)  -> (artifact id: '51ac10fd493244e9df0d97dc697ac7a6') in 0.035431 seconds 
  Import took 0.072859 seconds .

========================================================================
Received Import Request.
  Time since last request: 5.379193 seconds.
  path: Assets/Prefabs/Player.prefab
  artifactKey: Guid(d86dd83dbf6a49946bcd93dd7f0e31e6) Importer(815301076,1909f56bfc062723c751e8b465ee728b)
Start importing Assets/Prefabs/Player.prefab using Guid(d86dd83dbf6a49946bcd93dd7f0e31e6) Importer(815301076,1909f56bfc062723c751e8b465ee728b)  -> (artifact id: '59486d6d8430eb5016bc9e454ecb422e') in 0.031030 seconds 
  Import took 0.063132 seconds .

========================================================================
Received Prepare
Registering precompiled user dll's ...
Registered in 0.009514 seconds.
Begin MonoManager ReloadAssembly
Native extension for WindowsStandalone target not found
Refreshing native plugins compatible for Editor in 1.06 ms, found 2 plugins.
Preloading 0 native plugins for Editor in 0.00 ms.
Mono: successfully reloaded assembly
- Completed reload, in  1.551 seconds
Platform modules already initialized, skipping
Shader 'Universal Render Pipeline/Particles/Lit': fallback shader 'Universal Render Pipeline/Particles/SimpleLit' not found
Shader 'Universal Render Pipeline/Particles/Lit': fallback shader 'Universal Render Pipeline/Particles/SimpleLit' not found
Refreshing native plugins compatible for Editor in 1.10 ms, found 2 plugins.
Preloading 0 native plugins for Editor in 0.00 ms.
Unloading 4148 Unused Serialized files (Serialized files now loaded: 0)
System memory in use before: 183.1 MB.
System memory in use after: 180.3 MB.

Unloading 77 unused Assets to reduce memory usage. Loaded Objects now: 4834.
Total: 11.379300 ms (FindLiveObjects: 0.673600 ms CreateObjectMapping: 0.193000 ms MarkObjects: 7.351200 ms  DeleteObjects: 3.158000 ms)

AssetImportParameters requested are different than current active one (requested -> active):
  custom:framework-win-MediaFoundation: 216162199b28c13a410421893ffa2e32 -> 
  custom:video-decoder-ogg-theora: a1e56fd34408186e4bbccfd4996cb3dc -> 
  custom:container-muxer-webm: aa71ff27fc2769a1b78a27578f13a17b -> 
  custom:container-demuxer-webm: 4f35f7cbe854078d1ac9338744f61a02 -> 
  custom:container-demuxer-ogg: 62fdf1f143b41e24485cea50d1cbac27 -> 
  custom:video-encoder-webm-vp8: eb34c28f22e8b96e1ab97ce403110664 -> 
  custom:video-decoder-webm-vp8: 9c59270c3fd7afecdb556c50c9e8de78 -> 
  custom:audio-decoder-ogg-vorbis: bf7c407c2cedff20999df2af8eb42d56 -> 
  custom:audio-encoder-webm-vorbis: bf7c407c2cedff20999df2af8eb42d56 -> 
========================================================================
Received Import Request.
  Time since last request: 82.220790 seconds.
  path: Assets/Prefabs/Player.prefab
  artifactKey: Guid(d86dd83dbf6a49946bcd93dd7f0e31e6) Importer(815301076,1909f56bfc062723c751e8b465ee728b)
Start importing Assets/Prefabs/Player.prefab using Guid(d86dd83dbf6a49946bcd93dd7f0e31e6) Importer(815301076,1909f56bfc062723c751e8b465ee728b)  -> (artifact id: 'd33ad3fa4f7bb98d0226fb0eadccac92') in 0.159331 seconds 
  Import took 0.195791 seconds .

========================================================================
Received Prepare
Registering precompiled user dll's ...
Registered in 0.013809 seconds.
Begin MonoManager ReloadAssembly
Native extension for WindowsStandalone target not found
Refreshing native plugins compatible for Editor in 1.10 ms, found 2 plugins.
Preloading 0 native plugins for Editor in 0.00 ms.
Mono: successfully reloaded assembly
- Completed reload, in  1.571 seconds
Platform modules already initialized, skipping
Shader 'Universal Render Pipeline/Particles/Lit': fallback shader 'Universal Render Pipeline/Particles/SimpleLit' not found
Shader 'Universal Render Pipeline/Particles/Lit': fallback shader 'Universal Render Pipeline/Particles/SimpleLit' not found
Refreshing native plugins compatible for Editor in 1.37 ms, found 2 plugins.
Preloading 0 native plugins for Editor in 0.00 ms.
Unloading 4148 Unused Serialized files (Serialized files now loaded: 0)
System memory in use before: 183.1 MB.
System memory in use after: 180.3 MB.

Unloading 77 unused Assets to reduce memory usage. Loaded Objects now: 4837.
Total: 8.073900 ms (FindLiveObjects: 0.422900 ms CreateObjectMapping: 0.113600 ms MarkObjects: 4.634600 ms  DeleteObjects: 2.900200 ms)

AssetImportParameters requested are different than current active one (requested -> active):
  custom:framework-win-MediaFoundation: 216162199b28c13a410421893ffa2e32 -> 
  custom:video-decoder-ogg-theora: a1e56fd34408186e4bbccfd4996cb3dc -> 
  custom:container-muxer-webm: aa71ff27fc2769a1b78a27578f13a17b -> 
  custom:container-demuxer-webm: 4f35f7cbe854078d1ac9338744f61a02 -> 
  custom:container-demuxer-ogg: 62fdf1f143b41e24485cea50d1cbac27 -> 
  custom:video-encoder-webm-vp8: eb34c28f22e8b96e1ab97ce403110664 -> 
  custom:video-decoder-webm-vp8: 9c59270c3fd7afecdb556c50c9e8de78 -> 
  custom:audio-decoder-ogg-vorbis: bf7c407c2cedff20999df2af8eb42d56 -> 
  custom:audio-encoder-webm-vorbis: bf7c407c2cedff20999df2af8eb42d56 -> 
========================================================================
Received Import Request.
  Time since last request: 11.623639 seconds.
  path: Assets/Prefabs/Player.prefab
  artifactKey: Guid(d86dd83dbf6a49946bcd93dd7f0e31e6) Importer(815301076,1909f56bfc062723c751e8b465ee728b)
Start importing Assets/Prefabs/Player.prefab using Guid(d86dd83dbf6a49946bcd93dd7f0e31e6) Importer(815301076,1909f56bfc062723c751e8b465ee728b)  -> (artifact id: '028853f1ed44c60df81022d32ff548d9') in 0.141492 seconds 
  Import took 0.179350 seconds .

========================================================================
Received Import Request.
  Time since last request: 1.504474 seconds.
  path: Assets/Prefabs/Player.prefab
  artifactKey: Guid(d86dd83dbf6a49946bcd93dd7f0e31e6) Importer(815301076,1909f56bfc062723c751e8b465ee728b)
Start importing Assets/Prefabs/Player.prefab using Guid(d86dd83dbf6a49946bcd93dd7f0e31e6) Importer(815301076,1909f56bfc062723c751e8b465ee728b)  -> (artifact id: '19309d4531d509f9a7b523017432eea5') in 0.036099 seconds 
  Import took 0.062240 seconds .

========================================================================
Received Import Request.
  Time since last request: 0.959516 seconds.
  path: Assets/Prefabs/Player.prefab
  artifactKey: Guid(d86dd83dbf6a49946bcd93dd7f0e31e6) Importer(815301076,1909f56bfc062723c751e8b465ee728b)
Start importing Assets/Prefabs/Player.prefab using Guid(d86dd83dbf6a49946bcd93dd7f0e31e6) Importer(815301076,1909f56bfc062723c751e8b465ee728b)  -> (artifact id: 'fe09e2649514aa396fd571111829883e') in 0.041655 seconds 
  Import took 0.074272 seconds .

========================================================================
Received Import Request.
  Time since last request: 7.179805 seconds.
  path: Assets/Prefabs/Player.prefab
  artifactKey: Guid(d86dd83dbf6a49946bcd93dd7f0e31e6) Importer(815301076,1909f56bfc062723c751e8b465ee728b)
Start importing Assets/Prefabs/Player.prefab using Guid(d86dd83dbf6a49946bcd93dd7f0e31e6) Importer(815301076,1909f56bfc062723c751e8b465ee728b)  -> (artifact id: '3af5fdeee34bbbae50907fb998bde8b7') in 0.048194 seconds 
  Import took 0.084259 seconds .

========================================================================
Received Import Request.
  Time since last request: 1.332679 seconds.
  path: Assets/Prefabs/Player.prefab
  artifactKey: Guid(d86dd83dbf6a49946bcd93dd7f0e31e6) Importer(815301076,1909f56bfc062723c751e8b465ee728b)
Start importing Assets/Prefabs/Player.prefab using Guid(d86dd83dbf6a49946bcd93dd7f0e31e6) Importer(815301076,1909f56bfc062723c751e8b465ee728b)  -> (artifact id: 'f479292429ced3809f8b94c84644f72c') in 0.032952 seconds 
  Import took 0.054167 seconds .

========================================================================
Received Import Request.
  Time since last request: 10.843410 seconds.
  path: Assets/Prefabs/Player.prefab
  artifactKey: Guid(d86dd83dbf6a49946bcd93dd7f0e31e6) Importer(815301076,1909f56bfc062723c751e8b465ee728b)
Start importing Assets/Prefabs/Player.prefab using Guid(d86dd83dbf6a49946bcd93dd7f0e31e6) Importer(815301076,1909f56bfc062723c751e8b465ee728b)  -> (artifact id: 'f51891c9ac8e021d5568238c4b38f652') in 0.034652 seconds 
  Import took 0.061113 seconds .

========================================================================
Received Import Request.
  Time since last request: 0.522008 seconds.
  path: Assets/Prefabs/Player.prefab
  artifactKey: Guid(d86dd83dbf6a49946bcd93dd7f0e31e6) Importer(815301076,1909f56bfc062723c751e8b465ee728b)
Start importing Assets/Prefabs/Player.prefab using Guid(d86dd83dbf6a49946bcd93dd7f0e31e6) Importer(815301076,1909f56bfc062723c751e8b465ee728b)  -> (artifact id: '0a825f9be06e5dede7997cfb17f06898') in 0.035645 seconds 
  Import took 0.073548 seconds .

========================================================================
Received Import Request.
  Time since last request: 5.183709 seconds.
  path: Assets/Prefabs/Player.prefab
  artifactKey: Guid(d86dd83dbf6a49946bcd93dd7f0e31e6) Importer(815301076,1909f56bfc062723c751e8b465ee728b)
Start importing Assets/Prefabs/Player.prefab using Guid(d86dd83dbf6a49946bcd93dd7f0e31e6) Importer(815301076,1909f56bfc062723c751e8b465ee728b)  -> (artifact id: '9292e8b3052284100a082ac03a4ee87f') in 0.040434 seconds 
  Import took 0.071210 seconds .

========================================================================
Received Import Request.
  Time since last request: 0.150150 seconds.
  path: Assets/Prefabs/Player.prefab
  artifactKey: Guid(d86dd83dbf6a49946bcd93dd7f0e31e6) Importer(815301076,1909f56bfc062723c751e8b465ee728b)
Start importing Assets/Prefabs/Player.prefab using Guid(d86dd83dbf6a49946bcd93dd7f0e31e6) Importer(815301076,1909f56bfc062723c751e8b465ee728b)  -> (artifact id: '6d0afcaa070be789f3b28a2101ff1b89') in 0.030355 seconds 
  Import took 0.056194 seconds .

========================================================================
Received Prepare
Registering precompiled user dll's ...
Registered in 0.009186 seconds.
Begin MonoManager ReloadAssembly
Native extension for WindowsStandalone target not found
Refreshing native plugins compatible for Editor in 1.07 ms, found 2 plugins.
Preloading 0 native plugins for Editor in 0.00 ms.
Mono: successfully reloaded assembly
- Completed reload, in  1.469 seconds
Platform modules already initialized, skipping
Shader 'Universal Render Pipeline/Particles/Lit': fallback shader 'Universal Render Pipeline/Particles/SimpleLit' not found
Shader 'Universal Render Pipeline/Particles/Lit': fallback shader 'Universal Render Pipeline/Particles/SimpleLit' not found
Refreshing native plugins compatible for Editor in 1.05 ms, found 2 plugins.
Preloading 0 native plugins for Editor in 0.00 ms.
Unloading 4148 Unused Serialized files (Serialized files now loaded: 0)
System memory in use before: 183.2 MB.
System memory in use after: 180.4 MB.

Unloading 77 unused Assets to reduce memory usage. Loaded Objects now: 4840.
Total: 5.422300 ms (FindLiveObjects: 0.386900 ms CreateObjectMapping: 0.112100 ms MarkObjects: 3.051300 ms  DeleteObjects: 1.870900 ms)

AssetImportParameters requested are different than current active one (requested -> active):
  custom:framework-win-MediaFoundation: 216162199b28c13a410421893ffa2e32 -> 
  custom:video-decoder-ogg-theora: a1e56fd34408186e4bbccfd4996cb3dc -> 
  custom:container-muxer-webm: aa71ff27fc2769a1b78a27578f13a17b -> 
  custom:container-demuxer-webm: 4f35f7cbe854078d1ac9338744f61a02 -> 
  custom:container-demuxer-ogg: 62fdf1f143b41e24485cea50d1cbac27 -> 
  custom:video-encoder-webm-vp8: eb34c28f22e8b96e1ab97ce403110664 -> 
  custom:video-decoder-webm-vp8: 9c59270c3fd7afecdb556c50c9e8de78 -> 
  custom:audio-decoder-ogg-vorbis: bf7c407c2cedff20999df2af8eb42d56 -> 
  custom:audio-encoder-webm-vorbis: bf7c407c2cedff20999df2af8eb42d56 -> 
========================================================================
Received Import Request.
  Time since last request: 50.056583 seconds.
  path: Assets/Prefabs/Player.prefab
  artifactKey: Guid(d86dd83dbf6a49946bcd93dd7f0e31e6) Importer(815301076,1909f56bfc062723c751e8b465ee728b)
Start importing Assets/Prefabs/Player.prefab using Guid(d86dd83dbf6a49946bcd93dd7f0e31e6) Importer(815301076,1909f56bfc062723c751e8b465ee728b)  -> (artifact id: 'ca66cf74a3ff3252d41db26b4949d163') in 0.134694 seconds 
  Import took 0.143317 seconds .

========================================================================
Received Import Request.
  Time since last request: 0.585417 seconds.
  path: Assets/Prefabs/Player.prefab
  artifactKey: Guid(d86dd83dbf6a49946bcd93dd7f0e31e6) Importer(815301076,1909f56bfc062723c751e8b465ee728b)
Start importing Assets/Prefabs/Player.prefab using Guid(d86dd83dbf6a49946bcd93dd7f0e31e6) Importer(815301076,1909f56bfc062723c751e8b465ee728b)  -> (artifact id: '58ab6a9514a00a64d1d7024e02d4c966') in 0.031853 seconds 
  Import took 0.058307 seconds .

========================================================================
Received Import Request.
  Time since last request: 11.290118 seconds.
  path: Assets/Prefabs/Player.prefab
  artifactKey: Guid(d86dd83dbf6a49946bcd93dd7f0e31e6) Importer(815301076,1909f56bfc062723c751e8b465ee728b)
Start importing Assets/Prefabs/Player.prefab using Guid(d86dd83dbf6a49946bcd93dd7f0e31e6) Importer(815301076,1909f56bfc062723c751e8b465ee728b)  -> (artifact id: 'd3d3bc75fe00e40b9e59c01773ecf1bd') in 0.035541 seconds 
  Import took 0.049712 seconds .

========================================================================
Received Import Request.
  Time since last request: 1.536984 seconds.
  path: Assets/Prefabs/Player.prefab
  artifactKey: Guid(d86dd83dbf6a49946bcd93dd7f0e31e6) Importer(815301076,1909f56bfc062723c751e8b465ee728b)
Start importing Assets/Prefabs/Player.prefab using Guid(d86dd83dbf6a49946bcd93dd7f0e31e6) Importer(815301076,1909f56bfc062723c751e8b465ee728b)  -> (artifact id: 'd853b9af95458fc22b5c69460d4d1811') in 0.032396 seconds 
  Import took 0.047784 seconds .

========================================================================
Received Import Request.
  Time since last request: 9.654136 seconds.
  path: Assets/Prefabs/Player.prefab
  artifactKey: Guid(d86dd83dbf6a49946bcd93dd7f0e31e6) Importer(815301076,1909f56bfc062723c751e8b465ee728b)
Start importing Assets/Prefabs/Player.prefab using Guid(d86dd83dbf6a49946bcd93dd7f0e31e6) Importer(815301076,1909f56bfc062723c751e8b465ee728b)  -> (artifact id: '39a6a64954194fd89bdf2974cbffe434') in 0.037652 seconds 
  Import took 0.052219 seconds .

========================================================================
Received Import Request.
  Time since last request: 0.140730 seconds.
  path: Assets/Prefabs/Player.prefab
  artifactKey: Guid(d86dd83dbf6a49946bcd93dd7f0e31e6) Importer(815301076,1909f56bfc062723c751e8b465ee728b)
Start importing Assets/Prefabs/Player.prefab using Guid(d86dd83dbf6a49946bcd93dd7f0e31e6) Importer(815301076,1909f56bfc062723c751e8b465ee728b)  -> (artifact id: 'b40870a5f30a567f9d8fd2603b39aecd') in 0.035525 seconds 
  Import took 0.053977 seconds .

========================================================================
Received Import Request.
  Time since last request: 3.770502 seconds.
  path: Assets/Prefabs/Player.prefab
  artifactKey: Guid(d86dd83dbf6a49946bcd93dd7f0e31e6) Importer(815301076,1909f56bfc062723c751e8b465ee728b)
Start importing Assets/Prefabs/Player.prefab using Guid(d86dd83dbf6a49946bcd93dd7f0e31e6) Importer(815301076,1909f56bfc062723c751e8b465ee728b)  -> (artifact id: 'e2d5e08ae0f98db1093e683020b466d7') in 0.033867 seconds 
  Import took 0.041787 seconds .

========================================================================
Received Import Request.
  Time since last request: 0.371100 seconds.
  path: Assets/Prefabs/Player.prefab
  artifactKey: Guid(d86dd83dbf6a49946bcd93dd7f0e31e6) Importer(815301076,1909f56bfc062723c751e8b465ee728b)
Start importing Assets/Prefabs/Player.prefab using Guid(d86dd83dbf6a49946bcd93dd7f0e31e6) Importer(815301076,1909f56bfc062723c751e8b465ee728b)  -> (artifact id: '8aaf9dc20b3e73f955bba26c55b263ff') in 0.030765 seconds 
  Import took 0.046470 seconds .

========================================================================
Received Prepare
Registering precompiled user dll's ...
Registered in 0.009166 seconds.
Begin MonoManager ReloadAssembly
Native extension for WindowsStandalone target not found
Refreshing native plugins compatible for Editor in 1.46 ms, found 2 plugins.
Preloading 0 native plugins for Editor in 0.00 ms.
Mono: successfully reloaded assembly
- Completed reload, in  1.963 seconds
Platform modules already initialized, skipping
Shader 'Universal Render Pipeline/Particles/Lit': fallback shader 'Universal Render Pipeline/Particles/SimpleLit' not found
Shader 'Universal Render Pipeline/Particles/Lit': fallback shader 'Universal Render Pipeline/Particles/SimpleLit' not found
Refreshing native plugins compatible for Editor in 1.05 ms, found 2 plugins.
Preloading 0 native plugins for Editor in 0.00 ms.
Unloading 4148 Unused Serialized files (Serialized files now loaded: 0)
System memory in use before: 183.2 MB.
System memory in use after: 180.5 MB.

Unloading 77 unused Assets to reduce memory usage. Loaded Objects now: 4843.
Total: 24.094800 ms (FindLiveObjects: 0.424300 ms CreateObjectMapping: 0.117900 ms MarkObjects: 20.892800 ms  DeleteObjects: 2.657600 ms)

AssetImportParameters requested are different than current active one (requested -> active):
  custom:framework-win-MediaFoundation: 216162199b28c13a410421893ffa2e32 -> 
  custom:video-decoder-ogg-theora: a1e56fd34408186e4bbccfd4996cb3dc -> 
  custom:container-muxer-webm: aa71ff27fc2769a1b78a27578f13a17b -> 
  custom:container-demuxer-webm: 4f35f7cbe854078d1ac9338744f61a02 -> 
  custom:container-demuxer-ogg: 62fdf1f143b41e24485cea50d1cbac27 -> 
  custom:video-encoder-webm-vp8: eb34c28f22e8b96e1ab97ce403110664 -> 
  custom:video-decoder-webm-vp8: 9c59270c3fd7afecdb556c50c9e8de78 -> 
  custom:audio-decoder-ogg-vorbis: bf7c407c2cedff20999df2af8eb42d56 -> 
  custom:audio-encoder-webm-vorbis: bf7c407c2cedff20999df2af8eb42d56 -> 
========================================================================
Received Prepare
Shader 'Universal Render Pipeline/Particles/Lit': fallback shader 'Universal Render Pipeline/Particles/SimpleLit' not found
Shader 'Universal Render Pipeline/Particles/Lit': fallback shader 'Universal Render Pipeline/Particles/SimpleLit' not found
Refreshing native plugins compatible for Editor in 11.73 ms, found 2 plugins.
Preloading 0 native plugins for Editor in 0.00 ms.
Unloading 73 Unused Serialized files (Serialized files now loaded: 0)
System memory in use before: 102.4 MB.
System memory in use after: 99.7 MB.

Unloading 73 unused Assets to reduce memory usage. Loaded Objects now: 4843.
Total: 6.244900 ms (FindLiveObjects: 0.667900 ms CreateObjectMapping: 0.136500 ms MarkObjects: 3.458600 ms  DeleteObjects: 1.980800 ms)

AssetImportParameters requested are different than current active one (requested -> active):
  custom:framework-win-MediaFoundation: 216162199b28c13a410421893ffa2e32 -> 
  custom:video-decoder-ogg-theora: a1e56fd34408186e4bbccfd4996cb3dc -> 
  custom:container-muxer-webm: aa71ff27fc2769a1b78a27578f13a17b -> 
  custom:container-demuxer-webm: 4f35f7cbe854078d1ac9338744f61a02 -> 
  custom:container-demuxer-ogg: 62fdf1f143b41e24485cea50d1cbac27 -> 
  custom:video-encoder-webm-vp8: eb34c28f22e8b96e1ab97ce403110664 -> 
  custom:video-decoder-webm-vp8: 9c59270c3fd7afecdb556c50c9e8de78 -> 
  custom:audio-decoder-ogg-vorbis: bf7c407c2cedff20999df2af8eb42d56 -> 
  custom:audio-encoder-webm-vorbis: bf7c407c2cedff20999df2af8eb42d56 -> 
========================================================================
Received Prepare
Registering precompiled user dll's ...
Registered in 0.011934 seconds.
Begin MonoManager ReloadAssembly
Native extension for WindowsStandalone target not found
Refreshing native plugins compatible for Editor in 1.06 ms, found 2 plugins.
Preloading 0 native plugins for Editor in 0.00 ms.
Mono: successfully reloaded assembly
- Completed reload, in  1.827 seconds
Platform modules already initialized, skipping
Shader 'Universal Render Pipeline/Particles/Lit': fallback shader 'Universal Render Pipeline/Particles/SimpleLit' not found
Shader 'Universal Render Pipeline/Particles/Lit': fallback shader 'Universal Render Pipeline/Particles/SimpleLit' not found
Refreshing native plugins compatible for Editor in 1.12 ms, found 2 plugins.
Preloading 0 native plugins for Editor in 0.00 ms.
Unloading 4148 Unused Serialized files (Serialized files now loaded: 0)
System memory in use before: 183.2 MB.
System memory in use after: 180.5 MB.

Unloading 76 unused Assets to reduce memory usage. Loaded Objects now: 4846.
Total: 8.282300 ms (FindLiveObjects: 0.865500 ms CreateObjectMapping: 0.264000 ms MarkObjects: 4.702800 ms  DeleteObjects: 2.446900 ms)

AssetImportParameters requested are different than current active one (requested -> active):
  custom:framework-win-MediaFoundation: 216162199b28c13a410421893ffa2e32 -> 
  custom:video-decoder-ogg-theora: a1e56fd34408186e4bbccfd4996cb3dc -> 
  custom:container-muxer-webm: aa71ff27fc2769a1b78a27578f13a17b -> 
  custom:container-demuxer-webm: 4f35f7cbe854078d1ac9338744f61a02 -> 
  custom:container-demuxer-ogg: 62fdf1f143b41e24485cea50d1cbac27 -> 
  custom:video-encoder-webm-vp8: eb34c28f22e8b96e1ab97ce403110664 -> 
  custom:video-decoder-webm-vp8: 9c59270c3fd7afecdb556c50c9e8de78 -> 
  custom:audio-decoder-ogg-vorbis: bf7c407c2cedff20999df2af8eb42d56 -> 
  custom:audio-encoder-webm-vorbis: bf7c407c2cedff20999df2af8eb42d56 -> 
========================================================================
Received Prepare
Registering precompiled user dll's ...
Registered in 0.009394 seconds.
Begin MonoManager ReloadAssembly
Native extension for WindowsStandalone target not found
Refreshing native plugins compatible for Editor in 1.12 ms, found 2 plugins.
Preloading 0 native plugins for Editor in 0.00 ms.
Mono: successfully reloaded assembly
- Completed reload, in  1.658 seconds
Platform modules already initialized, skipping
Shader 'Universal Render Pipeline/Particles/Lit': fallback shader 'Universal Render Pipeline/Particles/SimpleLit' not found
Shader 'Universal Render Pipeline/Particles/Lit': fallback shader 'Universal Render Pipeline/Particles/SimpleLit' not found
Refreshing native plugins compatible for Editor in 1.07 ms, found 2 plugins.
Preloading 0 native plugins for Editor in 0.00 ms.
Unloading 4148 Unused Serialized files (Serialized files now loaded: 0)
System memory in use before: 183.2 MB.
System memory in use after: 180.5 MB.

Unloading 76 unused Assets to reduce memory usage. Loaded Objects now: 4849.
Total: 5.905700 ms (FindLiveObjects: 0.479600 ms CreateObjectMapping: 0.120400 ms MarkObjects: 3.441500 ms  DeleteObjects: 1.862000 ms)

AssetImportParameters requested are different than current active one (requested -> active):
  custom:framework-win-MediaFoundation: 216162199b28c13a410421893ffa2e32 -> 
  custom:video-decoder-ogg-theora: a1e56fd34408186e4bbccfd4996cb3dc -> 
  custom:container-muxer-webm: aa71ff27fc2769a1b78a27578f13a17b -> 
  custom:container-demuxer-webm: 4f35f7cbe854078d1ac9338744f61a02 -> 
  custom:container-demuxer-ogg: 62fdf1f143b41e24485cea50d1cbac27 -> 
  custom:video-encoder-webm-vp8: eb34c28f22e8b96e1ab97ce403110664 -> 
  custom:video-decoder-webm-vp8: 9c59270c3fd7afecdb556c50c9e8de78 -> 
  custom:audio-decoder-ogg-vorbis: bf7c407c2cedff20999df2af8eb42d56 -> 
  custom:audio-encoder-webm-vorbis: bf7c407c2cedff20999df2af8eb42d56 -> 
========================================================================
Received Import Request.
  Time since last request: 5237.956551 seconds.
  path: Assets/Prefabs/Player.prefab
  artifactKey: Guid(d86dd83dbf6a49946bcd93dd7f0e31e6) Importer(815301076,1909f56bfc062723c751e8b465ee728b)
Start importing Assets/Prefabs/Player.prefab using Guid(d86dd83dbf6a49946bcd93dd7f0e31e6) Importer(815301076,1909f56bfc062723c751e8b465ee728b)  -> (artifact id: '6813280fac6e85450cf84aecfe59c100') in 0.145527 seconds 
  Import took 0.170906 seconds .

========================================================================
Received Prepare
Registering precompiled user dll's ...
Registered in 0.009088 seconds.
Begin MonoManager ReloadAssembly
Native extension for WindowsStandalone target not found
Refreshing native plugins compatible for Editor in 1.43 ms, found 2 plugins.
Preloading 0 native plugins for Editor in 0.00 ms.
Mono: successfully reloaded assembly
- Completed reload, in  2.042 seconds
Platform modules already initialized, skipping
Shader 'Universal Render Pipeline/Particles/Lit': fallback shader 'Universal Render Pipeline/Particles/SimpleLit' not found
Shader 'Universal Render Pipeline/Particles/Lit': fallback shader 'Universal Render Pipeline/Particles/SimpleLit' not found
Refreshing native plugins compatible for Editor in 2.47 ms, found 2 plugins.
Preloading 0 native plugins for Editor in 0.00 ms.
Unloading 4148 Unused Serialized files (Serialized files now loaded: 0)
System memory in use before: 183.2 MB.
System memory in use after: 180.5 MB.

Unloading 77 unused Assets to reduce memory usage. Loaded Objects now: 4852.
Total: 9.498400 ms (FindLiveObjects: 0.676100 ms CreateObjectMapping: 0.545200 ms MarkObjects: 5.607900 ms  DeleteObjects: 2.667000 ms)

AssetImportParameters requested are different than current active one (requested -> active):
  custom:framework-win-MediaFoundation: 216162199b28c13a410421893ffa2e32 -> 
  custom:video-decoder-ogg-theora: a1e56fd34408186e4bbccfd4996cb3dc -> 
  custom:container-muxer-webm: aa71ff27fc2769a1b78a27578f13a17b -> 
  custom:container-demuxer-webm: 4f35f7cbe854078d1ac9338744f61a02 -> 
  custom:container-demuxer-ogg: 62fdf1f143b41e24485cea50d1cbac27 -> 
  custom:video-encoder-webm-vp8: eb34c28f22e8b96e1ab97ce403110664 -> 
  custom:video-decoder-webm-vp8: 9c59270c3fd7afecdb556c50c9e8de78 -> 
  custom:audio-decoder-ogg-vorbis: bf7c407c2cedff20999df2af8eb42d56 -> 
  custom:audio-encoder-webm-vorbis: bf7c407c2cedff20999df2af8eb42d56 -> 
========================================================================
Received Prepare
Shader 'Universal Render Pipeline/Particles/Lit': fallback shader 'Universal Render Pipeline/Particles/SimpleLit' not found
Shader 'Universal Render Pipeline/Particles/Lit': fallback shader 'Universal Render Pipeline/Particles/SimpleLit' not found
Refreshing native plugins compatible for Editor in 11.16 ms, found 2 plugins.
Preloading 0 native plugins for Editor in 0.00 ms.
Unloading 73 Unused Serialized files (Serialized files now loaded: 0)
System memory in use before: 102.5 MB.
System memory in use after: 99.8 MB.

Unloading 73 unused Assets to reduce memory usage. Loaded Objects now: 4852.
Total: 5.775500 ms (FindLiveObjects: 0.434000 ms CreateObjectMapping: 0.119200 ms MarkObjects: 3.322100 ms  DeleteObjects: 1.898800 ms)

AssetImportParameters requested are different than current active one (requested -> active):
  custom:framework-win-MediaFoundation: 216162199b28c13a410421893ffa2e32 -> 
  custom:video-decoder-ogg-theora: a1e56fd34408186e4bbccfd4996cb3dc -> 
  custom:container-muxer-webm: aa71ff27fc2769a1b78a27578f13a17b -> 
  custom:container-demuxer-webm: 4f35f7cbe854078d1ac9338744f61a02 -> 
  custom:container-demuxer-ogg: 62fdf1f143b41e24485cea50d1cbac27 -> 
  custom:video-encoder-webm-vp8: eb34c28f22e8b96e1ab97ce403110664 -> 
  custom:video-decoder-webm-vp8: 9c59270c3fd7afecdb556c50c9e8de78 -> 
  custom:audio-decoder-ogg-vorbis: bf7c407c2cedff20999df2af8eb42d56 -> 
  custom:audio-encoder-webm-vorbis: bf7c407c2cedff20999df2af8eb42d56 -> 
========================================================================
Received Prepare
Registering precompiled user dll's ...
Registered in 0.009302 seconds.
Begin MonoManager ReloadAssembly
Native extension for WindowsStandalone target not found
Refreshing native plugins compatible for Editor in 1.09 ms, found 2 plugins.
Preloading 0 native plugins for Editor in 0.00 ms.
Mono: successfully reloaded assembly
- Completed reload, in  1.504 seconds
Platform modules already initialized, skipping
Shader 'Universal Render Pipeline/Particles/Lit': fallback shader 'Universal Render Pipeline/Particles/SimpleLit' not found
Shader 'Universal Render Pipeline/Particles/Lit': fallback shader 'Universal Render Pipeline/Particles/SimpleLit' not found
Refreshing native plugins compatible for Editor in 1.16 ms, found 2 plugins.
Preloading 0 native plugins for Editor in 0.00 ms.
Unloading 4148 Unused Serialized files (Serialized files now loaded: 0)
System memory in use before: 183.2 MB.
System memory in use after: 180.5 MB.

Unloading 76 unused Assets to reduce memory usage. Loaded Objects now: 4855.
Total: 7.987100 ms (FindLiveObjects: 0.555600 ms CreateObjectMapping: 0.120100 ms MarkObjects: 4.248700 ms  DeleteObjects: 3.060700 ms)

AssetImportParameters requested are different than current active one (requested -> active):
  custom:framework-win-MediaFoundation: 216162199b28c13a410421893ffa2e32 -> 
  custom:video-decoder-ogg-theora: a1e56fd34408186e4bbccfd4996cb3dc -> 
  custom:container-muxer-webm: aa71ff27fc2769a1b78a27578f13a17b -> 
  custom:container-demuxer-webm: 4f35f7cbe854078d1ac9338744f61a02 -> 
  custom:container-demuxer-ogg: 62fdf1f143b41e24485cea50d1cbac27 -> 
  custom:video-encoder-webm-vp8: eb34c28f22e8b96e1ab97ce403110664 -> 
  custom:video-decoder-webm-vp8: 9c59270c3fd7afecdb556c50c9e8de78 -> 
  custom:audio-decoder-ogg-vorbis: bf7c407c2cedff20999df2af8eb42d56 -> 
  custom:audio-encoder-webm-vorbis: bf7c407c2cedff20999df2af8eb42d56 -> 
========================================================================
Received Prepare
Registering precompiled user dll's ...
Registered in 0.009568 seconds.
Begin MonoManager ReloadAssembly
Native extension for WindowsStandalone target not found
Refreshing native plugins compatible for Editor in 1.14 ms, found 2 plugins.
Preloading 0 native plugins for Editor in 0.00 ms.
Mono: successfully reloaded assembly
- Completed reload, in  1.539 seconds
Platform modules already initialized, skipping
Shader 'Universal Render Pipeline/Particles/Lit': fallback shader 'Universal Render Pipeline/Particles/SimpleLit' not found
Shader 'Universal Render Pipeline/Particles/Lit': fallback shader 'Universal Render Pipeline/Particles/SimpleLit' not found
Refreshing native plugins compatible for Editor in 1.16 ms, found 2 plugins.
Preloading 0 native plugins for Editor in 0.00 ms.
Unloading 4148 Unused Serialized files (Serialized files now loaded: 0)
System memory in use before: 183.3 MB.
System memory in use after: 180.5 MB.

Unloading 76 unused Assets to reduce memory usage. Loaded Objects now: 4858.
Total: 6.709100 ms (FindLiveObjects: 0.426400 ms CreateObjectMapping: 0.119400 ms MarkObjects: 4.049400 ms  DeleteObjects: 2.112200 ms)

AssetImportParameters requested are different than current active one (requested -> active):
  custom:framework-win-MediaFoundation: 216162199b28c13a410421893ffa2e32 -> 
  custom:video-decoder-ogg-theora: a1e56fd34408186e4bbccfd4996cb3dc -> 
  custom:container-muxer-webm: aa71ff27fc2769a1b78a27578f13a17b -> 
  custom:container-demuxer-webm: 4f35f7cbe854078d1ac9338744f61a02 -> 
  custom:container-demuxer-ogg: 62fdf1f143b41e24485cea50d1cbac27 -> 
  custom:video-encoder-webm-vp8: eb34c28f22e8b96e1ab97ce403110664 -> 
  custom:video-decoder-webm-vp8: 9c59270c3fd7afecdb556c50c9e8de78 -> 
  custom:audio-decoder-ogg-vorbis: bf7c407c2cedff20999df2af8eb42d56 -> 
  custom:audio-encoder-webm-vorbis: bf7c407c2cedff20999df2af8eb42d56 -> 
========================================================================
Received Import Request.
  Time since last request: 1278.409585 seconds.
  path: Assets/Scenes/Scene_Map_01.unity
  artifactKey: Guid(d1c3109bdb54ad54c8a2b2838528e640) Importer(815301076,1909f56bfc062723c751e8b465ee728b)
Start importing Assets/Scenes/Scene_Map_01.unity using Guid(d1c3109bdb54ad54c8a2b2838528e640) Importer(815301076,1909f56bfc062723c751e8b465ee728b)  -> (artifact id: '15dac1919da6083e781ffde019262e95') in 0.023476 seconds 
  Import took 0.082146 seconds .

========================================================================
Received Prepare
Registering precompiled user dll's ...
Registered in 0.009636 seconds.
Begin MonoManager ReloadAssembly
Native extension for WindowsStandalone target not found
Refreshing native plugins compatible for Editor in 1.15 ms, found 2 plugins.
Preloading 0 native plugins for Editor in 0.00 ms.
Mono: successfully reloaded assembly
- Completed reload, in  1.501 seconds
Platform modules already initialized, skipping
Shader 'Universal Render Pipeline/Particles/Lit': fallback shader 'Universal Render Pipeline/Particles/SimpleLit' not found
Shader 'Universal Render Pipeline/Particles/Lit': fallback shader 'Universal Render Pipeline/Particles/SimpleLit' not found
Refreshing native plugins compatible for Editor in 1.78 ms, found 2 plugins.
Preloading 0 native plugins for Editor in 0.00 ms.
Unloading 4148 Unused Serialized files (Serialized files now loaded: 0)
System memory in use before: 183.3 MB.
System memory in use after: 180.5 MB.

Unloading 76 unused Assets to reduce memory usage. Loaded Objects now: 4861.
Total: 7.283700 ms (FindLiveObjects: 0.565100 ms CreateObjectMapping: 0.147300 ms MarkObjects: 4.437800 ms  DeleteObjects: 2.131800 ms)

AssetImportParameters requested are different than current active one (requested -> active):
  custom:framework-win-MediaFoundation: 216162199b28c13a410421893ffa2e32 -> 
  custom:video-decoder-ogg-theora: a1e56fd34408186e4bbccfd4996cb3dc -> 
  custom:container-muxer-webm: aa71ff27fc2769a1b78a27578f13a17b -> 
  custom:container-demuxer-webm: 4f35f7cbe854078d1ac9338744f61a02 -> 
  custom:container-demuxer-ogg: 62fdf1f143b41e24485cea50d1cbac27 -> 
  custom:video-encoder-webm-vp8: eb34c28f22e8b96e1ab97ce403110664 -> 
  custom:video-decoder-webm-vp8: 9c59270c3fd7afecdb556c50c9e8de78 -> 
  custom:audio-decoder-ogg-vorbis: bf7c407c2cedff20999df2af8eb42d56 -> 
  custom:audio-encoder-webm-vorbis: bf7c407c2cedff20999df2af8eb42d56 -> 
========================================================================
Received Prepare
Registering precompiled user dll's ...
Registered in 0.011728 seconds.
Begin MonoManager ReloadAssembly
Native extension for WindowsStandalone target not found
Refreshing native plugins compatible for Editor in 1.45 ms, found 2 plugins.
Preloading 0 native plugins for Editor in 0.00 ms.
Mono: successfully reloaded assembly
- Completed reload, in  1.622 seconds
Platform modules already initialized, skipping
Shader 'Universal Render Pipeline/Particles/Lit': fallback shader 'Universal Render Pipeline/Particles/SimpleLit' not found
Shader 'Universal Render Pipeline/Particles/Lit': fallback shader 'Universal Render Pipeline/Particles/SimpleLit' not found
Refreshing native plugins compatible for Editor in 1.18 ms, found 2 plugins.
Preloading 0 native plugins for Editor in 0.00 ms.
Unloading 4148 Unused Serialized files (Serialized files now loaded: 0)
System memory in use before: 183.3 MB.
System memory in use after: 180.5 MB.

Unloading 76 unused Assets to reduce memory usage. Loaded Objects now: 4864.
Total: 10.075200 ms (FindLiveObjects: 0.511500 ms CreateObjectMapping: 0.140300 ms MarkObjects: 6.415000 ms  DeleteObjects: 3.006200 ms)

AssetImportParameters requested are different than current active one (requested -> active):
  custom:framework-win-MediaFoundation: 216162199b28c13a410421893ffa2e32 -> 
  custom:video-decoder-ogg-theora: a1e56fd34408186e4bbccfd4996cb3dc -> 
  custom:container-muxer-webm: aa71ff27fc2769a1b78a27578f13a17b -> 
  custom:container-demuxer-webm: 4f35f7cbe854078d1ac9338744f61a02 -> 
  custom:container-demuxer-ogg: 62fdf1f143b41e24485cea50d1cbac27 -> 
  custom:video-encoder-webm-vp8: eb34c28f22e8b96e1ab97ce403110664 -> 
  custom:video-decoder-webm-vp8: 9c59270c3fd7afecdb556c50c9e8de78 -> 
  custom:audio-decoder-ogg-vorbis: bf7c407c2cedff20999df2af8eb42d56 -> 
  custom:audio-encoder-webm-vorbis: bf7c407c2cedff20999df2af8eb42d56 -> 
========================================================================
Received Prepare
Registering precompiled user dll's ...
Registered in 0.009496 seconds.
Begin MonoManager ReloadAssembly
Native extension for WindowsStandalone target not found
Refreshing native plugins compatible for Editor in 1.03 ms, found 2 plugins.
Preloading 0 native plugins for Editor in 0.00 ms.
Mono: successfully reloaded assembly
- Completed reload, in  1.438 seconds
Platform modules already initialized, skipping
Shader 'Universal Render Pipeline/Particles/Lit': fallback shader 'Universal Render Pipeline/Particles/SimpleLit' not found
Shader 'Universal Render Pipeline/Particles/Lit': fallback shader 'Universal Render Pipeline/Particles/SimpleLit' not found
Refreshing native plugins compatible for Editor in 1.10 ms, found 2 plugins.
Preloading 0 native plugins for Editor in 0.00 ms.
Unloading 4148 Unused Serialized files (Serialized files now loaded: 0)
System memory in use before: 183.2 MB.
System memory in use after: 180.5 MB.

Unloading 76 unused Assets to reduce memory usage. Loaded Objects now: 4867.
Total: 5.247900 ms (FindLiveObjects: 0.428300 ms CreateObjectMapping: 0.116300 ms MarkObjects: 2.920600 ms  DeleteObjects: 1.781500 ms)

AssetImportParameters requested are different than current active one (requested -> active):
  custom:framework-win-MediaFoundation: 216162199b28c13a410421893ffa2e32 -> 
  custom:video-decoder-ogg-theora: a1e56fd34408186e4bbccfd4996cb3dc -> 
  custom:container-muxer-webm: aa71ff27fc2769a1b78a27578f13a17b -> 
  custom:container-demuxer-webm: 4f35f7cbe854078d1ac9338744f61a02 -> 
  custom:container-demuxer-ogg: 62fdf1f143b41e24485cea50d1cbac27 -> 
  custom:video-encoder-webm-vp8: eb34c28f22e8b96e1ab97ce403110664 -> 
  custom:video-decoder-webm-vp8: 9c59270c3fd7afecdb556c50c9e8de78 -> 
  custom:audio-decoder-ogg-vorbis: bf7c407c2cedff20999df2af8eb42d56 -> 
  custom:audio-encoder-webm-vorbis: bf7c407c2cedff20999df2af8eb42d56 -> 
